<?xml version="1.0" encoding="UTF-8"?>
<!-- Generated by org.testng.reporters.JUnitXMLReporter -->
<testsuite hostname="sunlu-PC" name="test" tests="3" failures="0" timestamp="6 Nov 2014 02:38:21 GMT" time="0.017" errors="0">
  <testcase name="test1" time="0.0030" classname="Test.TestCase.Practiceone.Practice1OnTestng"/>
  <testcase name="test3" time="0.0010" classname="Test.TestCase.Practiceone.Practice2OnTestng"/>
  <testcase name="test4" time="0.0" classname="Test.TestCase.Practiceone.Practice2OnTestng"/>
</testsuite> <!-- test -->
