<?xml version="1.0" encoding="UTF-8"?>
<!-- Generated by org.testng.reporters.JUnitXMLReporter -->
<testsuite hostname="sunlu-PC" name="Practice3OnTestng" tests="2" failures="1" timestamp="13 Nov 2014 10:07:35 GMT" time="59.812" errors="0">
  <testcase name="loginTest" time="7.778" classname="Test.TestCase.Practicethree.Practice3OnTestng"/>
  <testcase name="contactsTest" time="25.61" classname="Test.TestCase.Practicethree.Practice3OnTestng">
    <failure type="java.lang.AssertionError" message="expected [100] but found [466]">
      <![CDATA[java.lang.AssertionError: expected [100] but found [466]
	at Test.TestCase.Practicethree.Practice3OnTestng.contactsTest(Practice3OnTestng.java:57)
... Removed 29 stack frames]]>
    </failure>
  </testcase> <!-- contactsTest -->
</testsuite> <!-- Practice3OnTestng -->
